.
**** collection configuration ****
	force-overwrite = false
	stop-on-exit = true
	export_sqlite = true
	stats = true
	capture-range = none
	stop-on-range-end = false
	Beta: ftrace events:
	ftrace-keep-user-config = false
	trace-GPU-context-switch = false
	delay = 0 seconds
	duration = 0 seconds
	kill = signal number 15
	inherit-environment = true
	show-output = true
	trace-fork-before-exec = false
	sample_cpu = true
	backtrace_method = LBR
	wait = all
	trace_cublas = false
	trace_cuda = true
	trace_cudnn = false
	trace_nvtx = true
	trace_mpi = false
	trace_openacc = false
	trace_vulkan = false
	trace_opengl = true
	trace_osrt = true
	osrt-threshold = 0 nanoseconds
	cudabacktrace = false
	cudabacktrace-threshold = 0 nanoseconds
	profile_processes = tree
	application command = ./m3
	application arguments = 
	application working directory = /build
	NVTX profiler range trigger = 
	NVTX profiler domain trigger = 
	environment variables:
	Collecting data...
Running test case 1
B = 1 M = 3 C = 3 H = 224 W = 224 K = 3 S = 1
Running test case 2
B = 2 M = 3 C = 3 H = 301 W = 301 K = 3 S = 2
Running test case 3
B = 3 M = 3 C = 3 H = 196 W = 196 K = 3 S = 3
Running test case 4
B = 4 M = 3 C = 3 H = 239 W = 239 K = 3 S = 4
All test cases passed
Test batch size: 5000
Loading fashion-mnist data...Done
Loading model...Done
Conv-GPU==
Layer Time: 347.905 ms
Op Time: 10.791 ms
Conv-GPU==
Layer Time: 283.426 ms
Op Time: 41.3974 ms

Test Accuracy: 0.8712

	Generating the /build/report1.qdstrm file.
	Capturing raw events...
	334695 total events collected.
	Capturing symbol files...
	Saving diagnostics...
	Saving qdstrm file to disk...
	Finished saving file.


Importing the qdstrm file using /opt/nvidia/nsight-systems/2019.5.2/host-linux-x64/QdstrmImporter.

Importing...

Importing [==================================================100%]
Saving report to file "/build/report1.qdrep"
Report file saved.
Please discard the qdstrm file and use the qdrep file instead.

Removed /build/report1.qdstrm as it was successfully imported.
Please use the qdrep file instead.

Exporting the qdrep file to SQLite database using /opt/nvidia/nsight-systems/2019.5.2/host-linux-x64/nsys-exporter.

Exporting 334629 events:

0%   10   20   30   40   50   60   70   80   90   100%
|----|----|----|----|----|----|----|----|----|----|
***************************************************

Exported successfully to
/build/report1.sqlite

Generating CUDA API Statistics...
CUDA API Statistics (nanoseconds)

Time(%)      Total Time       Calls         Average         Minimum         Maximum  Name                                                                            
-------  --------------  ----------  --------------  --------------  --------------  --------------------------------------------------------------------------------
   68.5       581196667          20      29059833.4           29797       311235787  cudaMemcpy                                                                      
   22.9       194444982          20       9722249.1            3024       190965532  cudaMalloc                                                                      
    6.2        52196357          10       5219635.7            3449        41369333  cudaDeviceSynchronize                                                           
    2.1        17600059          10       1760005.9           24289        17357940  cudaLaunchKernel                                                                
    0.3         2777969          20        138898.5            3256          478021  cudaFree                                                                        




Generating CUDA Kernel Statistics...

Generating CUDA Memory Operation Statistics...
CUDA Kernel Statistics (nanoseconds)

Time(%)      Total Time   Instances         Average         Minimum         Maximum  Name                                                                            
-------  --------------  ----------  --------------  --------------  --------------  --------------------------------------------------------------------------------
  100.0        52171241           6       8695206.8            7872        41364085  conv_forward_kernel                                                             
    0.0            2848           2          1424.0            1376            1472  do_not_remove_this_kernel                                                       
    0.0            2592           2          1296.0            1248            1344  prefn_marker_kernel                                                             


CUDA Memory Operation Statistics (nanoseconds)

Time(%)      Total Time  Operations         Average         Minimum         Maximum  Name                                                                            
-------  --------------  ----------  --------------  --------------  --------------  --------------------------------------------------------------------------------
   92.0       529089657           6      88181609.5           23136       310435778  [CUDA memcpy DtoH]                                                              
    8.0        45979929          14       3284280.6            1152        24018390  [CUDA memcpy HtoD]                                                              


CUDA Memory Operation Statistics (KiB)

            Total      Operations            Average            Minimum            Maximum  Name                                                                            
-----------------  --------------  -----------------  -----------------  -----------------  --------------------------------------------------------------------------------
         862672.0               6           143778.7            148.535           500000.0  [CUDA memcpy DtoH]                                                              
         276206.0              14            19729.0              0.004           144453.0  [CUDA memcpy HtoD]                                                              




Generating Operating System Runtime API Statistics...
Operating System Runtime API Statistics (nanoseconds)

Time(%)      Total Time       Calls         Average         Minimum         Maximum  Name                                                                            
-------  --------------  ----------  --------------  --------------  --------------  --------------------------------------------------------------------------------
   33.3     51088609344         526      97126633.7           23629       100232577  sem_timedwait                                                                   
   33.3     50997350154         524      97323187.3            3108       100301591  poll                                                                            
   22.5     34509542320          69     500138294.5       500101191       500203494  pthread_cond_timedwait                                                          
   10.8     16532313239           2    8266156619.5      4162841689     12369471550  pthread_cond_wait                                                               
    0.1        96622489         940        102789.9            1065        18901241  ioctl                                                                           
    0.0        22847866        9424          2424.4            1080           19015  read                                                                            
    0.0         3596889          98         36702.9            1276         1613388  mmap                                                                            
    0.0         1155089         101         11436.5            4358           27670  open64                                                                          
    0.0          357546          19         18818.2            3876           56007  fopen64                                                                         
    0.0          279433           5         55886.6           35067           69540  pthread_create                                                                  
    0.0          135665           3         45221.7           40695           52418  fgets                                                                           
    0.0          125370          18          6965.0            1005           26174  fflush                                                                          
    0.0          107269          26          4125.7            1048           39755  fopen                                                                           
    0.0           91876          20          4593.8            1587           15274  munmap                                                                          
    0.0           91676          24          3819.8            1084            9376  fclose                                                                          
    0.0           61712          15          4114.1            2018            8826  write                                                                           
    0.0           29371           5          5874.2            3379            7766  open                                                           
                 
    0.0           22798           1         22798.0           22798           22798  pipe2                                                                           
    0.0           14635           2          7317.5            4469           10166  pthread_cond_signal                                                             
    0.0           14111           2          7055.5            5560            8551  socket                                                                          
    0.0            9310           5          1862.0            1050            3636  fwrite                                                                          
    0.0            8237           1          8237.0            8237            8237  connect                                                                         
    0.0            6736           5          1347.2            1038            1795  fcntl                                                                           
    0.0            1696           1          1696.0            1696            1696  bind                                                                            
    0.0            1320           1          1320.0            1320            1320  listen                                                                          




Generating NVTX Push-Pop Range Statistics...
NVTX Push-Pop Range Statistics (nanoseconds)
✱ The build folder has been uploaded to http://s3.amazonaws.com/files.rai-project.com/userdata/build-6569d6b7d6194ca4ebf9ba52.tar.gz. The data will be present for only a short duration of time.
