✱ Running bash -c "nsys profile --stats=true ./m3"   \\ Output will appear after run is complete.
**** collection configuration ****
	force-overwrite = false
	stop-on-exit = true
	export_sqlite = true
	stats = true
	capture-range = none
	stop-on-range-end = false
	Beta: ftrace events:
	ftrace-keep-user-config = false
	trace-GPU-context-switch = false
	delay = 0 seconds
	duration = 0 seconds
	kill = signal number 15
	inherit-environment = true
	show-output = true
	trace-fork-before-exec = false
	sample_cpu = true
	backtrace_method = LBR
	wait = all
	trace_cublas = false
	trace_cuda = true
	trace_cudnn = false
	trace_nvtx = true
	trace_mpi = false
	trace_openacc = false
	trace_vulkan = false
	trace_opengl = true
	trace_osrt = true
	osrt-threshold = 0 nanoseconds
	cudabacktrace = false
	cudabacktrace-threshold = 0 nanoseconds
	profile_processes = tree
	application command = ./m3
	application arguments = 
	application working directory = /build
	NVTX profiler range trigger = 
	NVTX profiler domain trigger = 
	environment variables:
	Collecting data...
Running test case 1
B = 1 M = 3 C = 3 H = 224 W = 224 K = 3 S = 1
Running test case 2
B = 2 M = 3 C = 3 H = 301 W = 301 K = 3 S = 2
Running test case 3
B = 3 M = 3 C = 3 H = 196 W = 196 K = 3 S = 3
Running test case 4
B = 4 M = 3 C = 3 H = 239 W = 239 K = 3 S = 4
All test cases passed
Test batch size: 5000
Loading fashion-mnist data...Done
Loading model...Done
Conv-GPU==
Layer Time: 646.932 ms
Op Time: 199.492 ms
Conv-GPU==
Layer Time: 376.674 ms
Op Time: 155.852 ms

Test Accuracy: 0.871

	Generating the /build/report1.qdstrm file.
	Capturing raw events...
	335832 total events collected.
	Capturing symbol files...
	Saving diagnostics...
	Saving qdstrm file to disk...
	Finished saving file.


Importing the qdstrm file using /opt/nvidia/nsight-systems/2019.5.2/host-linux-x64/QdstrmImporter.

Importing...

Importing [==================================================100%]
Saving report to file "/build/report1.qdrep"
Report file saved.
Please discard the qdstrm file and use the qdrep file instead.

Removed /build/report1.qdstrm as it was successfully imported.
Please use the qdrep file instead.

Exporting the qdrep file to SQLite database using /opt/nvidia/nsight-systems/2019.5.2/host-linux-x64/nsys-exporter.

Exporting 335765 events:

0%   10   20   30   40   50   60   70   80   90   100%
|----|----|----|----|----|----|----|----|----|----|
***************************************************

Exported successfully to
/build/report1.sqlite

Generating CUDA API Statistics...
CUDA API Statistics (nanoseconds)

Time(%)      Total Time       Calls         Average         Minimum         Maximum  Name                                                                            
-------  --------------  ----------  --------------  --------------  --------------  --------------------------------------------------------------------------------
   39.0       534706134          20      26735306.7           44961       273374040  cudaMemcpy                                                                      
   30.8       422325790          26      16243299.6            2770       152650248  cudaFree                                                                        
   29.3       400773824          26      15414377.8            2748       188323998  cudaMalloc                                                                      
    0.9        12090348          16        755646.7            6158        11700512  cudaLaunchKernel                                                                
    0.0           65590          10          6559.0            2915           15483  cudaDeviceSynchronize                                                           




Generating CUDA Kernel Statistics...

Generating CUDA Memory Operation Statistics...
CUDA Kernel Statistics (nanoseconds)

Time(%)      Total Time   Instances         Average         Minimum         Maximum  Name                                                                            
-------  --------------  ----------  --------------  --------------  --------------  --------------------------------------------------------------------------------
   84.5       157780666           6      26296777.7           12064       135449584  unroll_input_kernel                                                             
   15.5        28953798           6       4825633.0            6112        15232367  conv_forward_kernel_multiply                                                    
    0.0            2944           2          1472.0            1472            1472  do_not_remove_this_kernel                                                       
    0.0            2624           2          1312.0            1280            1344  prefn_marker_kernel                                                             


CUDA Memory Operation Statistics (nanoseconds)

Time(%)      Total Time  Operations         Average         Minimum         Maximum  Name                                                                            
-------  --------------  ----------  --------------  --------------  --------------  --------------------------------------------------------------------------------
   91.0       467881420           6      77980236.7           23071       272630681  [CUDA memcpy DtoH]                                                              
    9.0        46402282          14       3314448.7            1152        24492094  [CUDA memcpy HtoD]                                                              


CUDA Memory Operation Statistics (KiB)

            Total      Operations            Average            Minimum            Maximum  Name                                                                            
-----------------  --------------  -----------------  -----------------  -----------------  --------------------------------------------------------------------------------
         862672.0               6           143778.7            148.535           500000.0  [CUDA memcpy DtoH]                                                              
         276206.0              14            19729.0              0.004           144453.0  [CUDA memcpy HtoD]                                                              




Generating Operating System Runtime API Statistics...
Operating System Runtime API Statistics (nanoseconds)

Time(%)      Total Time       Calls         Average         Minimum         Maximum  Name                                                                            
-------  --------------  ----------  --------------  --------------  --------------  --------------------------------------------------------------------------------
   33.2     51925765586         533      97421699.0           22646       100395312  sem_timedwait                                                                   
   33.2     51888462230         533      97351711.5           41603       100544162  poll                                                                            
   22.1     34507749925          69     500112317.8       500067416       500392942  pthread_cond_timedwait                                                          
   11.1     17369664502           2    8684832251.0      4145008591     13224655911  pthread_cond_wait                                                               
    0.4       560959444         966        580703.4            1065        71477017  ioctl                                                                           
    0.0        16944025        9425          1797.8            1036           18385  read                                                                            
    0.0         2826376         100         28263.8            1118         1002574  mmap                                                                            
    0.0         1192211         101         11804.1            4074           26452  open64                                                                          
    0.0          308019          19         16211.5            3470           49523  fopen64                                                                         
    0.0          282102           5         56420.4           40180           72192  pthread_create                                                                  
    0.0          166220          25          6648.8            1472           27641  munmap                                                                          
    0.0          132459           3         44153.0           40649           48743  fgets                                                                           
    0.0          104910          26          4035.0            1177           39437  fopen                                                                           
    0.0          102375          16          6398.4            2684           15343  fflush                                                                          
    0.0           76289          25          3051.6            1017            7612  fclose                                                                          
    0.0           71552          15          4770.1            2220            8551  write                                                                           
    0.0           48001           1         48001.0           48001           48001  pthread_mutex_lock                                                              
    0.0           31249           5          6249.8            4415            8006  open                                                                            
    0.0           17032          16          1064.5            1004            1159  fcntl                                                                           
    0.0           16148           2          8074.0            5060           11088  socket                                                                          
    0.0           10849           2          5424.5            4615            6234  pthread_cond_signal                                                             
    0.0            6645           1          6645.0            6645            6645  connect                                                                         
    0.0            6000           1          6000.0            6000            6000  pipe2                                                                           
    0.0            5448           3          1816.0            1257            2512  fwrite                                                                          
    0.0            1556           1          1556.0            1556            1556  bind                                                                            




Generating NVTX Push-Pop Range Statistics...
NVTX Push-Pop Range Statistics (nanoseconds)
✱ The build folder has been uploaded to http://s3.amazonaws.com/files.rai-project.com/userdata/build-6566e8add6194c9175ff3b1f.tar.gz. The data will be present for only a short duration of time.
